  [1m[36m (2.3ms)[0m  [1mCREATE TABLE "schema_migrations" ("version" varchar(255) NOT NULL) [0m
  [1m[35m (0.8ms)[0m  CREATE UNIQUE INDEX "unique_schema_migrations" ON "schema_migrations" ("version")
  [1m[36mActiveRecord::SchemaMigration Load (0.1ms)[0m  [1mSELECT "schema_migrations".* FROM "schema_migrations"[0m
  [1m[36mActiveRecord::SchemaMigration Load (0.1ms)[0m  [1mSELECT "schema_migrations".* FROM "schema_migrations"[0m
Migrating to CreateClients (20111128231720)
  [1m[35m (0.1ms)[0m  begin transaction
  [1m[36m (0.4ms)[0m  [1mCREATE TABLE "clients" ("id" INTEGER PRIMARY KEY AUTOINCREMENT NOT NULL, "name" varchar(255), "company" varchar(255), "website" varchar(255), "created_at" datetime, "updated_at" datetime) [0m
  [1m[35mSQL (0.2ms)[0m  INSERT INTO "schema_migrations" ("version") VALUES (?)  [["version", "20111128231720"]]
  [1m[36m (2.4ms)[0m  [1mcommit transaction[0m
Migrating to CreateProposals (20111128231731)
  [1m[35m (0.1ms)[0m  begin transaction
  [1m[36m (0.3ms)[0m  [1mCREATE TABLE "proposals" ("id" INTEGER PRIMARY KEY AUTOINCREMENT NOT NULL, "name" varchar(255), "user_name" varchar(255), "send_date" date, "client_id" integer, "created_at" datetime, "updated_at" datetime) [0m
  [1m[35mSQL (0.1ms)[0m  INSERT INTO "schema_migrations" ("version") VALUES (?)  [["version", "20111128231731"]]
  [1m[36m (0.6ms)[0m  [1mcommit transaction[0m
Migrating to CreateProposalSections (20111128231741)
  [1m[35m (0.1ms)[0m  begin transaction
  [1m[36m (0.3ms)[0m  [1mCREATE TABLE "proposal_sections" ("id" INTEGER PRIMARY KEY AUTOINCREMENT NOT NULL, "name" varchar(255), "description" text, "proposal_id" integer, "created_at" datetime, "updated_at" datetime) [0m
  [1m[35mSQL (0.1ms)[0m  INSERT INTO "schema_migrations" ("version") VALUES (?)  [["version", "20111128231741"]]
  [1m[36m (0.9ms)[0m  [1mcommit transaction[0m
Migrating to AddSampleData (20111128232157)
  [1m[35m (0.1ms)[0m  begin transaction
  [1m[36m (0.0ms)[0m  [1mrollback transaction[0m
  [1m[36mActiveRecord::SchemaMigration Load (0.1ms)[0m  [1mSELECT "schema_migrations".* FROM "schema_migrations"[0m
Migrating to AddSampleData (20111128232157)
  [1m[35m (0.1ms)[0m  begin transaction
  [1m[36mSQL (2.3ms)[0m  [1mINSERT INTO "clients" ("company", "created_at", "name", "updated_at", "website") VALUES (?, ?, ?, ?, ?)[0m  [["company", "Earthlingworks Inc."], ["created_at", Thu, 11 Jul 2013 16:46:42 UTC +00:00], ["name", "Duke Pete"], ["updated_at", Thu, 11 Jul 2013 16:46:42 UTC +00:00], ["website", "http://www.google.com/"]]
  [1m[35mSQL (3.2ms)[0m  INSERT INTO "proposals" ("client_id", "created_at", "name", "send_date", "updated_at", "user_name") VALUES (?, ?, ?, ?, ?, ?)  [["client_id", 1], ["created_at", Thu, 11 Jul 2013 16:46:42 UTC +00:00], ["name", "Website Redesign"], ["send_date", Thu, 11 Jul 2013], ["updated_at", Thu, 11 Jul 2013 16:46:42 UTC +00:00], ["user_name", "James Snoop"]]
  [1m[36mSQL (0.3ms)[0m  [1mINSERT INTO "proposal_sections" ("created_at", "description", "name", "proposal_id", "updated_at") VALUES (?, ?, ?, ?, ?)[0m  [["created_at", Thu, 11 Jul 2013 16:46:42 UTC +00:00], ["description", "Description for #1"], ["name", "Name 1"], ["proposal_id", 1], ["updated_at", Thu, 11 Jul 2013 16:46:42 UTC +00:00]]
  [1m[35mSQL (0.2ms)[0m  INSERT INTO "proposal_sections" ("created_at", "description", "name", "proposal_id", "updated_at") VALUES (?, ?, ?, ?, ?)  [["created_at", Thu, 11 Jul 2013 16:46:42 UTC +00:00], ["description", "Description for #2"], ["name", "Name 2"], ["proposal_id", 1], ["updated_at", Thu, 11 Jul 2013 16:46:42 UTC +00:00]]
  [1m[36mSQL (0.1ms)[0m  [1mINSERT INTO "proposal_sections" ("created_at", "description", "name", "proposal_id", "updated_at") VALUES (?, ?, ?, ?, ?)[0m  [["created_at", Thu, 11 Jul 2013 16:46:42 UTC +00:00], ["description", "Description for #3"], ["name", "Name 3"], ["proposal_id", 1], ["updated_at", Thu, 11 Jul 2013 16:46:42 UTC +00:00]]
  [1m[35mSQL (0.2ms)[0m  INSERT INTO "schema_migrations" ("version") VALUES (?)  [["version", "20111128232157"]]
  [1m[36m (1.7ms)[0m  [1mcommit transaction[0m
  [1m[35mActiveRecord::SchemaMigration Load (0.1ms)[0m  SELECT "schema_migrations".* FROM "schema_migrations"


Started GET "/proposal_viewer/show/1" for 127.0.0.1 at 2013-07-11 11:48:12 -0500
  [1m[36mActiveRecord::SchemaMigration Load (0.1ms)[0m  [1mSELECT "schema_migrations".* FROM "schema_migrations"[0m

ActionController::RoutingError (No route matches [GET] "/proposal_viewer/show/1"):
  actionpack (4.0.0) lib/action_dispatch/middleware/debug_exceptions.rb:21:in `call'
  actionpack (4.0.0) lib/action_dispatch/middleware/show_exceptions.rb:30:in `call'
  railties (4.0.0) lib/rails/rack/logger.rb:38:in `call_app'
  railties (4.0.0) lib/rails/rack/logger.rb:21:in `block in call'
  activesupport (4.0.0) lib/active_support/tagged_logging.rb:67:in `block in tagged'
  activesupport (4.0.0) lib/active_support/tagged_logging.rb:25:in `tagged'
  activesupport (4.0.0) lib/active_support/tagged_logging.rb:67:in `tagged'
  railties (4.0.0) lib/rails/rack/logger.rb:21:in `call'
  actionpack (4.0.0) lib/action_dispatch/middleware/request_id.rb:21:in `call'
  rack (1.5.2) lib/rack/methodoverride.rb:21:in `call'
  rack (1.5.2) lib/rack/runtime.rb:17:in `call'
  activesupport (4.0.0) lib/active_support/cache/strategy/local_cache.rb:83:in `call'
  rack (1.5.2) lib/rack/lock.rb:17:in `call'
  actionpack (4.0.0) lib/action_dispatch/middleware/static.rb:64:in `call'
  railties (4.0.0) lib/rails/engine.rb:511:in `call'
  railties (4.0.0) lib/rails/application.rb:97:in `call'
  rack (1.5.2) lib/rack/content_length.rb:14:in `call'
  thin (1.5.1) lib/thin/connection.rb:81:in `block in pre_process'
  thin (1.5.1) lib/thin/connection.rb:79:in `catch'
  thin (1.5.1) lib/thin/connection.rb:79:in `pre_process'
  thin (1.5.1) lib/thin/connection.rb:54:in `process'
  thin (1.5.1) lib/thin/connection.rb:39:in `receive_data'
  eventmachine (1.0.3) lib/eventmachine.rb:187:in `run_machine'
  eventmachine (1.0.3) lib/eventmachine.rb:187:in `run'
  thin (1.5.1) lib/thin/backends/base.rb:63:in `start'
  thin (1.5.1) lib/thin/server.rb:159:in `start'
  rack (1.5.2) lib/rack/handler/thin.rb:16:in `run'
  rack (1.5.2) lib/rack/server.rb:264:in `start'
  railties (4.0.0) lib/rails/commands/server.rb:84:in `start'
  railties (4.0.0) lib/rails/commands.rb:78:in `block in <top (required)>'
  railties (4.0.0) lib/rails/commands.rb:73:in `tap'
  railties (4.0.0) lib/rails/commands.rb:73:in `<top (required)>'
  bin/rails:4:in `require'
  bin/rails:4:in `<main>'


  Rendered /Users/ywen/.rbenv/versions/2.0.0-p247/lib/ruby/gems/2.0.0/gems/actionpack-4.0.0/lib/action_dispatch/middleware/templates/rescues/_trace.erb (1.0ms)
  Rendered /Users/ywen/.rbenv/versions/2.0.0-p247/lib/ruby/gems/2.0.0/gems/actionpack-4.0.0/lib/action_dispatch/middleware/templates/routes/_table.html.erb (3.4ms)
  Rendered /Users/ywen/.rbenv/versions/2.0.0-p247/lib/ruby/gems/2.0.0/gems/actionpack-4.0.0/lib/action_dispatch/middleware/templates/rescues/routing_error.erb within rescues/layout (17.9ms)


Started GET "/proposal_viewer/show/1" for 127.0.0.1 at 2013-07-11 11:49:54 -0500
  [1m[36mActiveRecord::SchemaMigration Load (0.1ms)[0m  [1mSELECT "schema_migrations".* FROM "schema_migrations"[0m
Processing by ProposalViewerController#show as HTML
  Parameters: {"id"=>"1"}
  Rendered text template (0.0ms)
Completed 200 OK in 20ms (Views: 4.3ms | ActiveRecord: 0.0ms)
